<?xml version="1.0" encoding="UTF-8"?>
<testng-results ignored="0" total="1" passed="1" failed="0" skipped="0">
  <reporter-output>
    <line>
      <![CDATA[discount created Pass]]>
    </line>
    <line>
      <![CDATA[Login Pass]]>
    </line>
    <line>
      <![CDATA[Open project displated]]>
    </line>
    <line>
      <![CDATA[Edit option is displated]]>
    </line>
    <line>
      <![CDATA[Delete option is displated]]>
    </line>
  </reporter-output>
  <suite started-at="2020-03-02T05:45:26Z" name="Default suite" finished-at="2020-03-02T05:47:14Z" duration-ms="108269">
    <groups>
    </groups>
    <test started-at="2020-03-02T05:45:26Z" name="Default test" finished-at="2020-03-02T05:47:14Z" duration-ms="108269">
      <class name="MyRecoTest.testrun">
        <test-method is-config="true" signature="startpage()[pri:0, instance:MyRecoTest.testrun@752325ad]" started-at="2020-03-02T05:45:26Z" name="startpage" finished-at="2020-03-02T05:45:43Z" duration-ms="16510" status="PASS">
          <reporter-output>
            <line>
              <![CDATA[discount created Pass]]>
            </line>
          </reporter-output>
        </test-method> <!-- startpage -->
        <test-method signature="openpage()[pri:0, instance:MyRecoTest.testrun@752325ad]" started-at="2020-03-02T05:45:43Z" name="openpage" finished-at="2020-03-02T05:47:14Z" duration-ms="91731" status="PASS">
          <reporter-output>
            <line>
              <![CDATA[Login Pass]]>
            </line>
            <line>
              <![CDATA[Open project displated]]>
            </line>
            <line>
              <![CDATA[Edit option is displated]]>
            </line>
            <line>
              <![CDATA[Delete option is displated]]>
            </line>
          </reporter-output>
        </test-method> <!-- openpage -->
      </class> <!-- MyRecoTest.testrun -->
    </test> <!-- Default test -->
  </suite> <!-- Default suite -->
</testng-results>
